
  You can now view your Streamlit app in your browser.

  URL: http://0.0.0.0:12000

ERROR:__main__:Failed to import services: No module named 'torch'
WARNING:__main__:Some services not available: No module named 'torch'
ERROR:__main__:Error initializing services: name 'BehavioralPatternAnalyzer' is not defined
WARNING:__main__:Could not initialize sentiment model: a coroutine was expected, got {'status': 'mock', 'data': []}
INFO:services.database.tracking_cache:Database initialized successfully
INFO:services.database.tracking_cache:Mock trending data initialized
ERROR:__main__:Failed to import services: No module named 'torch'
WARNING:__main__:Some services not available: No module named 'torch'
WARNING:__main__:Could not initialize sentiment model: a coroutine was expected, got {'status': 'mock', 'data': []}
ERROR:__main__:Failed to import services: No module named 'torch'
WARNING:__main__:Some services not available: No module named 'torch'
WARNING:__main__:Could not initialize sentiment model: a coroutine was expected, got {'status': 'mock', 'data': []}
ERROR:__main__:Failed to import services: No module named 'torch'
WARNING:__main__:Some services not available: No module named 'torch'
WARNING:__main__:Could not initialize sentiment model: a coroutine was expected, got {'status': 'mock', 'data': []}
ERROR:__main__:Failed to import services: No module named 'torch'
WARNING:__main__:Some services not available: No module named 'torch'
WARNING:__main__:Could not initialize sentiment model: a coroutine was expected, got {'status': 'mock', 'data': []}
ERROR:__main__:Failed to import services: No module named 'torch'
WARNING:__main__:Some services not available: No module named 'torch'
WARNING:__main__:Could not initialize sentiment model: a coroutine was expected, got {'status': 'mock', 'data': []}
ERROR:__main__:Timeline analysis error: name 'generate_synthetic_timeline_data' is not defined
